<?xml version="1.0" encoding="UTF-8"?>
<testng-results ignored="0" total="1" passed="1" failed="0" skipped="0">
  <reporter-output>
  </reporter-output>
  <suite started-at="2024-07-14T09:44:03 IST" name="Default suite" finished-at="2024-07-14T09:44:12 IST" duration-ms="8700">
    <groups>
    </groups>
    <test started-at="2024-07-14T09:44:03 IST" name="Default test" finished-at="2024-07-14T09:44:12 IST" duration-ms="8700">
      <class name="com.herokuapp.restfulbooker.PartialUpdateBookingTests">
        <test-method signature="partialUpdateBookingTest()[pri:0, instance:com.herokuapp.restfulbooker.PartialUpdateBookingTests@b9b00e0]" started-at="2024-07-14T09:44:03 IST" name="partialUpdateBookingTest" finished-at="2024-07-14T09:44:12 IST" duration-ms="8620" status="PASS">
          <reporter-output>
          </reporter-output>
        </test-method> <!-- partialUpdateBookingTest -->
      </class> <!-- com.herokuapp.restfulbooker.PartialUpdateBookingTests -->
    </test> <!-- Default test -->
  </suite> <!-- Default suite -->
</testng-results>
